Using pre-set license
Built from '6000.0/staging' branch; Version is '6000.0.38f1 (82314a941f2d) revision 8532298'; Using compiler version '193933523'; Build Type 'Release'
OS: 'Windows 11  (10.0.22631) 64bit Core' Language: 'ru' Physical Memory: 15741 MB
BatchMode: 1, IsHumanControllingUs: 0, StartBugReporterOnCrash: 0, Is64bit: 1, IsPro: 1

COMMAND LINE ARGUMENTS:
E:\unity\6000.0.38f1\Editor\Unity.exe
-adb2
-batchMode
-noUpm
-name
AssetImportWorker0
-projectPath
D:/Fronted_Firebase
-logFile
Logs/AssetImportWorker0.log
-srvPort
63415
-job-worker-count
7
-background-job-worker-count
8
-gc-helper-count
1
Successfully changed project path to: D:/Fronted_Firebase
D:/Fronted_Firebase
[UnityMemory] Configuration Parameters - Can be set up in boot.config
    "memorysetup-bucket-allocator-granularity=16"
    "memorysetup-bucket-allocator-bucket-count=8"
    "memorysetup-bucket-allocator-block-size=33554432"
    "memorysetup-bucket-allocator-block-count=8"
    "memorysetup-main-allocator-block-size=16777216"
    "memorysetup-thread-allocator-block-size=16777216"
    "memorysetup-gfx-main-allocator-block-size=16777216"
    "memorysetup-gfx-thread-allocator-block-size=16777216"
    "memorysetup-cache-allocator-block-size=4194304"
    "memorysetup-typetree-allocator-block-size=2097152"
    "memorysetup-profiler-bucket-allocator-granularity=16"
    "memorysetup-profiler-bucket-allocator-bucket-count=8"
    "memorysetup-profiler-bucket-allocator-block-size=33554432"
    "memorysetup-profiler-bucket-allocator-block-count=8"
    "memorysetup-profiler-allocator-block-size=16777216"
    "memorysetup-profiler-editor-allocator-block-size=1048576"
    "memorysetup-temp-allocator-size-main=16777216"
    "memorysetup-job-temp-allocator-block-size=2097152"
    "memorysetup-job-temp-allocator-block-size-background=1048576"
    "memorysetup-job-temp-allocator-reduction-small-platforms=262144"
    "memorysetup-allocator-temp-initial-block-size-main=262144"
    "memorysetup-allocator-temp-initial-block-size-worker=262144"
    "memorysetup-temp-allocator-size-background-worker=32768"
    "memorysetup-temp-allocator-size-job-worker=262144"
    "memorysetup-temp-allocator-size-preload-manager=33554432"
    "memorysetup-temp-allocator-size-nav-mesh-worker=65536"
    "memorysetup-temp-allocator-size-audio-worker=65536"
    "memorysetup-temp-allocator-size-cloud-worker=32768"
    "memorysetup-temp-allocator-size-gi-baking-worker=262144"
    "memorysetup-temp-allocator-size-gi-baking-worker=262144"
    "memorysetup-temp-allocator-size-gi-baking-worker=262144"
    "memorysetup-temp-allocator-size-gi-baking-worker=262144"
    "memorysetup-temp-allocator-size-gi-baking-worker=262144"
    "memorysetup-temp-allocator-size-gfx=262144"
Player connection [38900]  Target information:

Player connection [38900]  * "[IP] 172.19.0.1 [Port] 0 [Flags] 2 [Guid] 4218769896 [EditorId] 4218769896 [Version] 1048832 [Id] WindowsEditor(7,WOLIF) [Debug] 1 [PackageName] WindowsEditor [ProjectName] Editor" 

Player connection [38900]  * "[IP] 192.168.0.106 [Port] 0 [Flags] 2 [Guid] 4218769896 [EditorId] 4218769896 [Version] 1048832 [Id] WindowsEditor(7,WOLIF) [Debug] 1 [PackageName] WindowsEditor [ProjectName] Editor" 

Player connection [38900] Host joined multi-casting on [225.0.0.222:54997]...
Player connection [38900] Host joined alternative multi-casting on [225.0.0.222:34997]...
JobSystem: Creating JobQueue using job-worker-count value 7
Input System module state changed to: Initialized.
[Physics::Module] Initialized fallback backend.
[Physics::Module] Id: 0xdecafbad
Library Redirect Path: Library/
[Physics::Module] Selected backend.
[Physics::Module] Name: PhysX
[Physics::Module] Id: 0xf2b8ea05
[Physics::Module] SDK Version: 4.1.2
[Physics::Module] Integration Version: 1.0.0
[Physics::Module] Threading Mode: Multi-Threaded
Refreshing native plugins compatible for Editor in 7.80 ms, found 7 plugins.
Preloading 0 native plugins for Editor in 0.00 ms.
Initialize engine version: 6000.0.38f1 (82314a941f2d)
[Subsystems] Discovering subsystems at path E:/unity/6000.0.38f1/Editor/Data/Resources/UnitySubsystems
[Subsystems] Discovering subsystems at path D:/Fronted_Firebase/Assets
GfxDevice: creating device client; kGfxThreadingModeNonThreaded
Direct3D:
    Version:  Direct3D 11.0 [level 11.1]
    Renderer: AMD Radeon(TM) Graphics (ID=0x1636)
    Vendor:   ATI
    VRAM:     7870 MB
    Driver:   31.0.21921.1000
Initialize mono
Mono path[0] = 'E:/unity/6000.0.38f1/Editor/Data/Managed'
Mono path[1] = 'E:/unity/6000.0.38f1/Editor/Data/MonoBleedingEdge/lib/mono/unityjit-win32'
Mono config path = 'E:/unity/6000.0.38f1/Editor/Data/MonoBleedingEdge/etc'
Using monoOptions --debugger-agent=transport=dt_socket,embedding=1,server=y,suspend=n,address=127.0.0.1:56896
Begin MonoManager ReloadAssembly
Registering precompiled unity dll's ...
Register platform support module: E:/unity/6000.0.38f1/Editor/Data/PlaybackEngines/WindowsStandaloneSupport/UnityEditor.WindowsStandalone.Extensions.dll
Register platform support module: E:/unity/6000.0.38f1/Editor/Data/PlaybackEngines/MetroSupport/UnityEditor.UWP.Extensions.dll
Register platform support module: E:/unity/6000.0.38f1/Editor/Data/PlaybackEngines/AndroidPlayer/UnityEditor.Android.Extensions.dll
Register platform support module: E:/unity/6000.0.38f1/Editor/Data/PlaybackEngines/iOSSupport/UnityEditor.iOS.Extensions.dll
Registered in 0.005329 seconds.
- Loaded All Assemblies, in  0.791 seconds
[usbmuxd] Start listen thread
[usbmuxd] Listen thread started
Native extension for iOS target not found
Native extension for Android target not found
Android Extension - Scanning For ADB Devices 488 ms
Native extension for UWP target not found
Native extension for WindowsStandalone target not found
Mono: successfully reloaded assembly
- Finished resetting the current domain, in  1.136 seconds
Domain Reload Profiling: 1927ms
	BeginReloadAssembly (347ms)
		ExecutionOrderSort (0ms)
		DisableScriptedObjects (0ms)
		BackupInstance (0ms)
		ReleaseScriptingObjects (0ms)
		CreateAndSetChildDomain (1ms)
	RebuildCommonClasses (73ms)
	RebuildNativeTypeToScriptingClass (17ms)
	initialDomainReloadingComplete (83ms)
	LoadAllAssembliesAndSetupDomain (271ms)
		LoadAssemblies (353ms)
		RebuildTransferFunctionScriptingTraits (0ms)
		AnalyzeDomain (259ms)
			TypeCache.Refresh (257ms)
				TypeCache.ScanAssembly (238ms)
			BuildScriptInfoCaches (0ms)
			ResolveRequiredComponents (1ms)
	FinalizeReload (1137ms)
		ReleaseScriptCaches (0ms)
		RebuildScriptCaches (0ms)
		SetupLoadedEditorAssemblies (1069ms)
			LogAssemblyErrors (0ms)
			InitializePlatformSupportModulesInManaged (673ms)
			SetLoadedEditorAssemblies (7ms)
			BeforeProcessingInitializeOnLoad (83ms)
			ProcessInitializeOnLoadAttributes (201ms)
			ProcessInitializeOnLoadMethodAttributes (106ms)
			AfterProcessingInitializeOnLoad (0ms)
			EditorAssembliesLoaded (0ms)
		ExecutionOrderSort2 (0ms)
		AwakeInstancesAfterBackupRestoration (0ms)
========================================================================
Worker process is ready to serve import requests
Import Worker Mode flag is 0x00
Begin MonoManager ReloadAssembly
Launched and connected shader compiler UnityShaderCompiler.exe after 0.02 seconds
- Loaded All Assemblies, in  1.904 seconds
Failed to load build profile from Library/BuildProfiles/PlatformProfile.4e3c793746204150860bf175a9a41a05.asset.
0x00007ffe16a29efd (Unity) StackWalker::ShowCallstack
0x00007ffe16a39eb9 (Unity) PlatformStacktrace::GetStacktrace
0x00007ffe17ca727e (Unity) Stacktrace::GetStacktrace
0x00007ffe1824f92f (Unity) DebugStringToFile
0x00007ffe15b79085 (Unity) DebugLogHandler_CUSTOM_Internal_Log
0x0000026a8bf07fad (Mono JIT Code) (wrapper managed-to-native) UnityEngine.DebugLogHandler:Internal_Log_Injected (UnityEngine.LogType,UnityEngine.LogOption,UnityEngine.Bindings.ManagedSpanWrapper&,intptr)
0x0000026a8bf07e73 (Mono JIT Code) UnityEngine.DebugLogHandler:Internal_Log (UnityEngine.LogType,UnityEngine.LogOption,string,UnityEngine.Object)
0x0000026a8bf07aab (Mono JIT Code) UnityEngine.DebugLogHandler:LogFormat (UnityEngine.LogType,UnityEngine.Object,string,object[])
0x0000026a8bf07830 (Mono JIT Code) UnityEngine.Logger:Log (UnityEngine.LogType,object)
0x0000026a8bf074ea (Mono JIT Code) UnityEngine.Debug:LogWarning (object)
0x0000026a8a6c796b (Mono JIT Code) UnityEditor.Build.Profile.BuildProfileContext:OnEnable ()
0x0000026a8a88ff18 (Mono JIT Code) (wrapper runtime-invoke) object:runtime_invoke_void__this__ (object,intptr,intptr,intptr)
0x00007ffe22f068de (mono-2.0-bdwgc) mono_jit_runtime_invoke (at C:/build/output/Unity-Technologies/mono/mono/mini/mini-runtime.c:3445)
0x00007ffe22e48404 (mono-2.0-bdwgc) do_runtime_invoke (at C:/build/output/Unity-Technologies/mono/mono/metadata/object.c:3068)
0x00007ffe22e484f0 (mono-2.0-bdwgc) mono_runtime_invoke (at C:/build/output/Unity-Technologies/mono/mono/metadata/object.c:3115)
0x00007ffe1694e224 (Unity) scripting_method_invoke
0x00007ffe16925fa3 (Unity) ScriptingInvocation::Invoke
0x00007ffe1692608e (Unity) ScriptingInvocation::InvokeChecked
0x00007ffe169d03d6 (Unity) SerializableManagedRef::CallMethod
0x00007ffe16910414 (Unity) MonoBehaviour::AwakeFromLoad
0x00007ffe1691b741 (Unity) ResetAndApplyDefaultReferencesOnNewMonoBehaviour
0x00007ffe16924451 (Unity) Scripting::CreateScriptableObjectWithType
0x00007ffe15acec6d (Unity) ScriptableObject_CUSTOM_CreateScriptableObjectInstanceFromType
0x0000026a8a6c6c4d (Mono JIT Code) (wrapper managed-to-native) UnityEngine.ScriptableObject:CreateScriptableObjectInstanceFromType_Injected (System.Type,bool)
0x0000026a8a6c6a2b (Mono JIT Code) UnityEngine.ScriptableObject:CreateScriptableObjectInstanceFromType (System.Type,bool)
0x0000026a8a6c69d3 (Mono JIT Code) UnityEngine.ScriptableObject:CreateInstance (System.Type)
0x0000026a8a6c6953 (Mono JIT Code) UnityEngine.ScriptableObject:CreateInstance<T_REF> ()
0x0000026a8a6c637b (Mono JIT Code) UnityEditor.Build.Profile.BuildProfileContext:CreateOrLoad ()
0x0000026a8a6c61d3 (Mono JIT Code) UnityEditor.Build.Profile.BuildProfileContext:get_instance ()
0x0000026a8a6c59db (Mono JIT Code) UnityEditor.Build.Profile.BuildProfileContext:GetActiveOrClassicBuildProfile (UnityEditor.BuildTarget,UnityEditor.StandaloneBuildSubtarget,string)
0x0000026a8a6c5e16 (Mono JIT Code) (wrapper runtime-invoke) <Module>:runtime_invoke_object_int_int_object (object,intptr,intptr,intptr)
0x00007ffe22f068de (mono-2.0-bdwgc) mono_jit_runtime_invoke (at C:/build/output/Unity-Technologies/mono/mono/mini/mini-runtime.c:3445)
0x00007ffe22e48404 (mono-2.0-bdwgc) do_runtime_invoke (at C:/build/output/Unity-Technologies/mono/mono/metadata/object.c:3068)
0x00007ffe22e484f0 (mono-2.0-bdwgc) mono_runtime_invoke (at C:/build/output/Unity-Technologies/mono/mono/metadata/object.c:3115)
0x00007ffe1694e224 (Unity) scripting_method_invoke
0x00007ffe16925fa3 (Unity) ScriptingInvocation::Invoke
0x00007ffe169211de (Unity) ScriptingInvocation::Invoke<ScriptingObjectPtr>
0x00007ffe16a7e5a7 (Unity) Scripting::UnityEditor::Build::Profile::BuildProfileContextProxy::GetActiveOrClassicBuildProfile
0x00007ffe1757a6c0 (Unity) EditorUserBuildSettings::GetSelectedAndroidBuildTextureSubtarget
0x00007ffe17574638 (Unity) EditorUserBuildSettings::GetActiveSubTargetFor
0x00007ffe1780fa4c (Unity) GetPlaybackEngineVariationManagedDirectory
0x00007ffe1781193a (Unity) GetUnityEngineDllForBuildTarget
0x00007ffe17b4887d (Unity) GetUnityAssemblies
0x00007ffe17b52cc8 (Unity) GetUnityAssembliesManaged
0x00007ffe17b53456 (Unity) InitializeManagedCompilationPipeline
0x00007ffe17b560fb (Unity) ReinitializeUserTargetAssemblies
0x00007ffe17f85675 (Unity) UpdateScriptCompilationPipelineCaches
0x00007ffe17e9c124 (Unity) AssetImportWorkerClient::RegisterTransientArtifacts
0x00007ffe17e9c3aa (Unity) AssetImportWorkerClient::ReloadScriptingDomain
0x00007ffe17e77047 (Unity) <lambda_f96845ab1106210ce31769f863340c0d>::operator()
0x00007ffe17f59ade (Unity) asio::detail::completion_handler<core::mutable_function<void __cdecl(void)>,asio::io_context::basic_executor_type<std::allocator<void>,0> >::do_complete
0x00007ffe17f4736a (Unity) asio::detail::win_iocp_io_context::do_one
0x00007ffe17f4869e (Unity) asio::detail::win_iocp_io_context::run
0x00007ffe17f580fc (Unity) IOService::Run
0x00007ffe17ea0426 (Unity) RunAssetImportWorkerClientV2
0x00007ffe17ea04eb (Unity) RunAssetImporterV2
0x00007ffe176aa148 (Unity) Application::InitializeProject
0x00007ffe17cb1875 (Unity) UnityMain
0x00007ff61fde2fba (Unity) __scrt_common_main_seh
0x00007ffe7d95259d (KERNEL32) BaseThreadInitThunk
0x00007ffe7ecaaf38 (ntdll) RtlUserThreadStart

Failed to load build profile from Library/BuildProfiles/PlatformProfile.8d1e1bca926649cba89d37a4c66e8b3d.asset.
0x00007ffe16a29efd (Unity) StackWalker::ShowCallstack
0x00007ffe16a39eb9 (Unity) PlatformStacktrace::GetStacktrace
0x00007ffe17ca727e (Unity) Stacktrace::GetStacktrace
0x00007ffe1824f92f (Unity) DebugStringToFile
0x00007ffe15b79085 (Unity) DebugLogHandler_CUSTOM_Internal_Log
0x0000026a8bf07fad (Mono JIT Code) (wrapper managed-to-native) UnityEngine.DebugLogHandler:Internal_Log_Injected (UnityEngine.LogType,UnityEngine.LogOption,UnityEngine.Bindings.ManagedSpanWrapper&,intptr)
0x0000026a8bf07e73 (Mono JIT Code) UnityEngine.DebugLogHandler:Internal_Log (UnityEngine.LogType,UnityEngine.LogOption,string,UnityEngine.Object)
0x0000026a8bf07aab (Mono JIT Code) UnityEngine.DebugLogHandler:LogFormat (UnityEngine.LogType,UnityEngine.Object,string,object[])
0x0000026a8bf07830 (Mono JIT Code) UnityEngine.Logger:Log (UnityEngine.LogType,object)
0x0000026a8bf074ea (Mono JIT Code) UnityEngine.Debug:LogWarning (object)
0x0000026a8a6c796b (Mono JIT Code) UnityEditor.Build.Profile.BuildProfileContext:OnEnable ()
0x0000026a8a88ff18 (Mono JIT Code) (wrapper runtime-invoke) object:runtime_invoke_void__this__ (object,intptr,intptr,intptr)
0x00007ffe22f068de (mono-2.0-bdwgc) mono_jit_runtime_invoke (at C:/build/output/Unity-Technologies/mono/mono/mini/mini-runtime.c:3445)
0x00007ffe22e48404 (mono-2.0-bdwgc) do_runtime_invoke (at C:/build/output/Unity-Technologies/mono/mono/metadata/object.c:3068)
0x00007ffe22e484f0 (mono-2.0-bdwgc) mono_runtime_invoke (at C:/build/output/Unity-Technologies/mono/mono/metadata/object.c:3115)
0x00007ffe1694e224 (Unity) scripting_method_invoke
0x00007ffe16925fa3 (Unity) ScriptingInvocation::Invoke
0x00007ffe1692608e (Unity) ScriptingInvocation::InvokeChecked
0x00007ffe169d03d6 (Unity) SerializableManagedRef::CallMethod
0x00007ffe16910414 (Unity) MonoBehaviour::AwakeFromLoad
0x00007ffe1691b741 (Unity) ResetAndApplyDefaultReferencesOnNewMonoBehaviour
0x00007ffe16924451 (Unity) Scripting::CreateScriptableObjectWithType
0x00007ffe15acec6d (Unity) ScriptableObject_CUSTOM_CreateScriptableObjectInstanceFromType
0x0000026a8a6c6c4d (Mono JIT Code) (wrapper managed-to-native) UnityEngine.ScriptableObject:CreateScriptableObjectInstanceFromType_Injected (System.Type,bool)
0x0000026a8a6c6a2b (Mono JIT Code) UnityEngine.ScriptableObject:CreateScriptableObjectInstanceFromType (System.Type,bool)
0x0000026a8a6c69d3 (Mono JIT Code) UnityEngine.ScriptableObject:CreateInstance (System.Type)
0x0000026a8a6c6953 (Mono JIT Code) UnityEngine.ScriptableObject:CreateInstance<T_REF> ()
0x0000026a8a6c637b (Mono JIT Code) UnityEditor.Build.Profile.BuildProfileContext:CreateOrLoad ()
0x0000026a8a6c61d3 (Mono JIT Code) UnityEditor.Build.Profile.BuildProfileContext:get_instance ()
0x0000026a8a6c59db (Mono JIT Code) UnityEditor.Build.Profile.BuildProfileContext:GetActiveOrClassicBuildProfile (UnityEditor.BuildTarget,UnityEditor.StandaloneBuildSubtarget,string)
0x0000026a8a6c5e16 (Mono JIT Code) (wrapper runtime-invoke) <Module>:runtime_invoke_object_int_int_object (object,intptr,intptr,intptr)
0x00007ffe22f068de (mono-2.0-bdwgc) mono_jit_runtime_invoke (at C:/build/output/Unity-Technologies/mono/mono/mini/mini-runtime.c:3445)
0x00007ffe22e48404 (mono-2.0-bdwgc) do_runtime_invoke (at C:/build/output/Unity-Technologies/mono/mono/metadata/object.c:3068)
0x00007ffe22e484f0 (mono-2.0-bdwgc) mono_runtime_invoke (at C:/build/output/Unity-Technologies/mono/mono/metadata/object.c:3115)
0x00007ffe1694e224 (Unity) scripting_method_invoke
0x00007ffe16925fa3 (Unity) ScriptingInvocation::Invoke
0x00007ffe169211de (Unity) ScriptingInvocation::Invoke<ScriptingObjectPtr>
0x00007ffe16a7e5a7 (Unity) Scripting::UnityEditor::Build::Profile::BuildProfileContextProxy::GetActiveOrClassicBuildProfile
0x00007ffe1757a6c0 (Unity) EditorUserBuildSettings::GetSelectedAndroidBuildTextureSubtarget
0x00007ffe17574638 (Unity) EditorUserBuildSettings::GetActiveSubTargetFor
0x00007ffe1780fa4c (Unity) GetPlaybackEngineVariationManagedDirectory
0x00007ffe1781193a (Unity) GetUnityEngineDllForBuildTarget
0x00007ffe17b4887d (Unity) GetUnityAssemblies
0x00007ffe17b52cc8 (Unity) GetUnityAssembliesManaged
0x00007ffe17b53456 (Unity) InitializeManagedCompilationPipeline
0x00007ffe17b560fb (Unity) ReinitializeUserTargetAssemblies
0x00007ffe17f85675 (Unity) UpdateScriptCompilationPipelineCaches
0x00007ffe17e9c124 (Unity) AssetImportWorkerClient::RegisterTransientArtifacts
0x00007ffe17e9c3aa (Unity) AssetImportWorkerClient::ReloadScriptingDomain
0x00007ffe17e77047 (Unity) <lambda_f96845ab1106210ce31769f863340c0d>::operator()
0x00007ffe17f59ade (Unity) asio::detail::completion_handler<core::mutable_function<void __cdecl(void)>,asio::io_context::basic_executor_type<std::allocator<void>,0> >::do_complete
0x00007ffe17f4736a (Unity) asio::detail::win_iocp_io_context::do_one
0x00007ffe17f4869e (Unity) asio::detail::win_iocp_io_context::run
0x00007ffe17f580fc (Unity) IOService::Run
0x00007ffe17ea0426 (Unity) RunAssetImportWorkerClientV2
0x00007ffe17ea04eb (Unity) RunAssetImporterV2
0x00007ffe176aa148 (Unity) Application::InitializeProject
0x00007ffe17cb1875 (Unity) UnityMain
0x00007ff61fde2fba (Unity) __scrt_common_main_seh
0x00007ffe7d95259d (KERNEL32) BaseThreadInitThunk
0x00007ffe7ecaaf38 (ntdll) RtlUserThreadStart

Failed to load build profile from Library/BuildProfiles/PlatformProfile.b9b35072a6f44c2e863f17467ea3dc13.asset.
0x00007ffe16a29efd (Unity) StackWalker::ShowCallstack
0x00007ffe16a39eb9 (Unity) PlatformStacktrace::GetStacktrace
0x00007ffe17ca727e (Unity) Stacktrace::GetStacktrace
0x00007ffe1824f92f (Unity) DebugStringToFile
0x00007ffe15b79085 (Unity) DebugLogHandler_CUSTOM_Internal_Log
0x0000026a8bf07fad (Mono JIT Code) (wrapper managed-to-native) UnityEngine.DebugLogHandler:Internal_Log_Injected (UnityEngine.LogType,UnityEngine.LogOption,UnityEngine.Bindings.ManagedSpanWrapper&,intptr)
0x0000026a8bf07e73 (Mono JIT Code) UnityEngine.DebugLogHandler:Internal_Log (UnityEngine.LogType,UnityEngine.LogOption,string,UnityEngine.Object)
0x0000026a8bf07aab (Mono JIT Code) UnityEngine.DebugLogHandler:LogFormat (UnityEngine.LogType,UnityEngine.Object,string,object[])
0x0000026a8bf07830 (Mono JIT Code) UnityEngine.Logger:Log (UnityEngine.LogType,object)
0x0000026a8bf074ea (Mono JIT Code) UnityEngine.Debug:LogWarning (object)
0x0000026a8a6c796b (Mono JIT Code) UnityEditor.Build.Profile.BuildProfileContext:OnEnable ()
0x0000026a8a88ff18 (Mono JIT Code) (wrapper runtime-invoke) object:runtime_invoke_void__this__ (object,intptr,intptr,intptr)
0x00007ffe22f068de (mono-2.0-bdwgc) mono_jit_runtime_invoke (at C:/build/output/Unity-Technologies/mono/mono/mini/mini-runtime.c:3445)
0x00007ffe22e48404 (mono-2.0-bdwgc) do_runtime_invoke (at C:/build/output/Unity-Technologies/mono/mono/metadata/object.c:3068)
0x00007ffe22e484f0 (mono-2.0-bdwgc) mono_runtime_invoke (at C:/build/output/Unity-Technologies/mono/mono/metadata/object.c:3115)
0x00007ffe1694e224 (Unity) scripting_method_invoke
0x00007ffe16925fa3 (Unity) ScriptingInvocation::Invoke
0x00007ffe1692608e (Unity) ScriptingInvocation::InvokeChecked
0x00007ffe169d03d6 (Unity) SerializableManagedRef::CallMethod
0x00007ffe16910414 (Unity) MonoBehaviour::AwakeFromLoad
0x00007ffe1691b741 (Unity) ResetAndApplyDefaultReferencesOnNewMonoBehaviour
0x00007ffe16924451 (Unity) Scripting::CreateScriptableObjectWithType
0x00007ffe15acec6d (Unity) ScriptableObject_CUSTOM_CreateScriptableObjectInstanceFromType
0x0000026a8a6c6c4d (Mono JIT Code) (wrapper managed-to-native) UnityEngine.ScriptableObject:CreateScriptableObjectInstanceFromType_Injected (System.Type,bool)
0x0000026a8a6c6a2b (Mono JIT Code) UnityEngine.ScriptableObject:CreateScriptableObjectInstanceFromType (System.Type,bool)
0x0000026a8a6c69d3 (Mono JIT Code) UnityEngine.ScriptableObject:CreateInstance (System.Type)
0x0000026a8a6c6953 (Mono JIT Code) UnityEngine.ScriptableObject:CreateInstance<T_REF> ()
0x0000026a8a6c637b (Mono JIT Code) UnityEditor.Build.Profile.BuildProfileContext:CreateOrLoad ()
0x0000026a8a6c61d3 (Mono JIT Code) UnityEditor.Build.Profile.BuildProfileContext:get_instance ()
0x0000026a8a6c59db (Mono JIT Code) UnityEditor.Build.Profile.BuildProfileContext:GetActiveOrClassicBuildProfile (UnityEditor.BuildTarget,UnityEditor.StandaloneBuildSubtarget,string)
0x0000026a8a6c5e16 (Mono JIT Code) (wrapper runtime-invoke) <Module>:runtime_invoke_object_int_int_object (object,intptr,intptr,intptr)
0x00007ffe22f068de (mono-2.0-bdwgc) mono_jit_runtime_invoke (at C:/build/output/Unity-Technologies/mono/mono/mini/mini-runtime.c:3445)
0x00007ffe22e48404 (mono-2.0-bdwgc) do_runtime_invoke (at C:/build/output/Unity-Technologies/mono/mono/metadata/object.c:3068)
0x00007ffe22e484f0 (mono-2.0-bdwgc) mono_runtime_invoke (at C:/build/output/Unity-Technologies/mono/mono/metadata/object.c:3115)
0x00007ffe1694e224 (Unity) scripting_method_invoke
0x00007ffe16925fa3 (Unity) ScriptingInvocation::Invoke
0x00007ffe169211de (Unity) ScriptingInvocation::Invoke<ScriptingObjectPtr>
0x00007ffe16a7e5a7 (Unity) Scripting::UnityEditor::Build::Profile::BuildProfileContextProxy::GetActiveOrClassicBuildProfile
0x00007ffe1757a6c0 (Unity) EditorUserBuildSettings::GetSelectedAndroidBuildTextureSubtarget
0x00007ffe17574638 (Unity) EditorUserBuildSettings::GetActiveSubTargetFor
0x00007ffe1780fa4c (Unity) GetPlaybackEngineVariationManagedDirectory
0x00007ffe1781193a (Unity) GetUnityEngineDllForBuildTarget
0x00007ffe17b4887d (Unity) GetUnityAssemblies
0x00007ffe17b52cc8 (Unity) GetUnityAssembliesManaged
0x00007ffe17b53456 (Unity) InitializeManagedCompilationPipeline
0x00007ffe17b560fb (Unity) ReinitializeUserTargetAssemblies
0x00007ffe17f85675 (Unity) UpdateScriptCompilationPipelineCaches
0x00007ffe17e9c124 (Unity) AssetImportWorkerClient::RegisterTransientArtifacts
0x00007ffe17e9c3aa (Unity) AssetImportWorkerClient::ReloadScriptingDomain
0x00007ffe17e77047 (Unity) <lambda_f96845ab1106210ce31769f863340c0d>::operator()
0x00007ffe17f59ade (Unity) asio::detail::completion_handler<core::mutable_function<void __cdecl(void)>,asio::io_context::basic_executor_type<std::allocator<void>,0> >::do_complete
0x00007ffe17f4736a (Unity) asio::detail::win_iocp_io_context::do_one
0x00007ffe17f4869e (Unity) asio::detail::win_iocp_io_context::run
0x00007ffe17f580fc (Unity) IOService::Run
0x00007ffe17ea0426 (Unity) RunAssetImportWorkerClientV2
0x00007ffe17ea04eb (Unity) RunAssetImporterV2
0x00007ffe176aa148 (Unity) Application::InitializeProject
0x00007ffe17cb1875 (Unity) UnityMain
0x00007ff61fde2fba (Unity) __scrt_common_main_seh
0x00007ffe7d95259d (KERNEL32) BaseThreadInitThunk
0x00007ffe7ecaaf38 (ntdll) RtlUserThreadStart

Failed to load build profile from Library/BuildProfiles/PlatformProfile.ad48d16a66894befa4d8181998c3cb09.asset.
0x00007ffe16a29efd (Unity) StackWalker::ShowCallstack
0x00007ffe16a39eb9 (Unity) PlatformStacktrace::GetStacktrace
0x00007ffe17ca727e (Unity) Stacktrace::GetStacktrace
0x00007ffe1824f92f (Unity) DebugStringToFile
0x00007ffe15b79085 (Unity) DebugLogHandler_CUSTOM_Internal_Log
0x0000026a8bf07fad (Mono JIT Code) (wrapper managed-to-native) UnityEngine.DebugLogHandler:Internal_Log_Injected (UnityEngine.LogType,UnityEngine.LogOption,UnityEngine.Bindings.ManagedSpanWrapper&,intptr)
0x0000026a8bf07e73 (Mono JIT Code) UnityEngine.DebugLogHandler:Internal_Log (UnityEngine.LogType,UnityEngine.LogOption,string,UnityEngine.Object)
0x0000026a8bf07aab (Mono JIT Code) UnityEngine.DebugLogHandler:LogFormat (UnityEngine.LogType,UnityEngine.Object,string,object[])
0x0000026a8bf07830 (Mono JIT Code) UnityEngine.Logger:Log (UnityEngine.LogType,object)
0x0000026a8bf074ea (Mono JIT Code) UnityEngine.Debug:LogWarning (object)
0x0000026a8a6c796b (Mono JIT Code) UnityEditor.Build.Profile.BuildProfileContext:OnEnable ()
0x0000026a8a88ff18 (Mono JIT Code) (wrapper runtime-invoke) object:runtime_invoke_void__this__ (object,intptr,intptr,intptr)
0x00007ffe22f068de (mono-2.0-bdwgc) mono_jit_runtime_invoke (at C:/build/output/Unity-Technologies/mono/mono/mini/mini-runtime.c:3445)
0x00007ffe22e48404 (mono-2.0-bdwgc) do_runtime_invoke (at C:/build/output/Unity-Technologies/mono/mono/metadata/object.c:3068)
0x00007ffe22e484f0 (mono-2.0-bdwgc) mono_runtime_invoke (at C:/build/output/Unity-Technologies/mono/mono/metadata/object.c:3115)
0x00007ffe1694e224 (Unity) scripting_method_invoke
0x00007ffe16925fa3 (Unity) ScriptingInvocation::Invoke
0x00007ffe1692608e (Unity) ScriptingInvocation::InvokeChecked
0x00007ffe169d03d6 (Unity) SerializableManagedRef::CallMethod
0x00007ffe16910414 (Unity) MonoBehaviour::AwakeFromLoad
0x00007ffe1691b741 (Unity) ResetAndApplyDefaultReferencesOnNewMonoBehaviour
0x00007ffe16924451 (Unity) Scripting::CreateScriptableObjectWithType
0x00007ffe15acec6d (Unity) ScriptableObject_CUSTOM_CreateScriptableObjectInstanceFromType
0x0000026a8a6c6c4d (Mono JIT Code) (wrapper managed-to-native) UnityEngine.ScriptableObject:CreateScriptableObjectInstanceFromType_Injected (System.Type,bool)
0x0000026a8a6c6a2b (Mono JIT Code) UnityEngine.ScriptableObject:CreateScriptableObjectInstanceFromType (System.Type,bool)
0x0000026a8a6c69d3 (Mono JIT Code) UnityEngine.ScriptableObject:CreateInstance (System.Type)
0x0000026a8a6c6953 (Mono JIT Code) UnityEngine.ScriptableObject:CreateInstance<T_REF> ()
0x0000026a8a6c637b (Mono JIT Code) UnityEditor.Build.Profile.BuildProfileContext:CreateOrLoad ()
0x0000026a8a6c61d3 (Mono JIT Code) UnityEditor.Build.Profile.BuildProfileContext:get_instance ()
0x0000026a8a6c59db (Mono JIT Code) UnityEditor.Build.Profile.BuildProfileContext:GetActiveOrClassicBuildProfile (UnityEditor.BuildTarget,UnityEditor.StandaloneBuildSubtarget,string)
0x0000026a8a6c5e16 (Mono JIT Code) (wrapper runtime-invoke) <Module>:runtime_invoke_object_int_int_object (object,intptr,intptr,intptr)
0x00007ffe22f068de (mono-2.0-bdwgc) mono_jit_runtime_invoke (at C:/build/output/Unity-Technologies/mono/mono/mini/mini-runtime.c:3445)
0x00007ffe22e48404 (mono-2.0-bdwgc) do_runtime_invoke (at C:/build/output/Unity-Technologies/mono/mono/metadata/object.c:3068)
0x00007ffe22e484f0 (mono-2.0-bdwgc) mono_runtime_invoke (at C:/build/output/Unity-Technologies/mono/mono/metadata/object.c:3115)
0x00007ffe1694e224 (Unity) scripting_method_invoke
0x00007ffe16925fa3 (Unity) ScriptingInvocation::Invoke
0x00007ffe169211de (Unity) ScriptingInvocation::Invoke<ScriptingObjectPtr>
0x00007ffe16a7e5a7 (Unity) Scripting::UnityEditor::Build::Profile::BuildProfileContextProxy::GetActiveOrClassicBuildProfile
0x00007ffe1757a6c0 (Unity) EditorUserBuildSettings::GetSelectedAndroidBuildTextureSubtarget
0x00007ffe17574638 (Unity) EditorUserBuildSettings::GetActiveSubTargetFor
0x00007ffe1780fa4c (Unity) GetPlaybackEngineVariationManagedDirectory
0x00007ffe1781193a (Unity) GetUnityEngineDllForBuildTarget
0x00007ffe17b4887d (Unity) GetUnityAssemblies
0x00007ffe17b52cc8 (Unity) GetUnityAssembliesManaged
0x00007ffe17b53456 (Unity) InitializeManagedCompilationPipeline
0x00007ffe17b560fb (Unity) ReinitializeUserTargetAssemblies
0x00007ffe17f85675 (Unity) UpdateScriptCompilationPipelineCaches
0x00007ffe17e9c124 (Unity) AssetImportWorkerClient::RegisterTransientArtifacts
0x00007ffe17e9c3aa (Unity) AssetImportWorkerClient::ReloadScriptingDomain
0x00007ffe17e77047 (Unity) <lambda_f96845ab1106210ce31769f863340c0d>::operator()
0x00007ffe17f59ade (Unity) asio::detail::completion_handler<core::mutable_function<void __cdecl(void)>,asio::io_context::basic_executor_type<std::allocator<void>,0> >::do_complete
0x00007ffe17f4736a (Unity) asio::detail::win_iocp_io_context::do_one
0x00007ffe17f4869e (Unity) asio::detail::win_iocp_io_context::run
0x00007ffe17f580fc (Unity) IOService::Run
0x00007ffe17ea0426 (Unity) RunAssetImportWorkerClientV2
0x00007ffe17ea04eb (Unity) RunAssetImporterV2
0x00007ffe176aa148 (Unity) Application::InitializeProject
0x00007ffe17cb1875 (Unity) UnityMain
0x00007ff61fde2fba (Unity) __scrt_common_main_seh
0x00007ffe7d95259d (KERNEL32) BaseThreadInitThunk
0x00007ffe7ecaaf38 (ntdll) RtlUserThreadStart

Failed to load build profile from Library/BuildProfiles/PlatformProfile.32e92b6f4db44fadb869cafb8184d021.asset.
0x00007ffe16a29efd (Unity) StackWalker::ShowCallstack
0x00007ffe16a39eb9 (Unity) PlatformStacktrace::GetStacktrace
0x00007ffe17ca727e (Unity) Stacktrace::GetStacktrace
0x00007ffe1824f92f (Unity) DebugStringToFile
0x00007ffe15b79085 (Unity) DebugLogHandler_CUSTOM_Internal_Log
0x0000026a8bf07fad (Mono JIT Code) (wrapper managed-to-native) UnityEngine.DebugLogHandler:Internal_Log_Injected (UnityEngine.LogType,UnityEngine.LogOption,UnityEngine.Bindings.ManagedSpanWrapper&,intptr)
0x0000026a8bf07e73 (Mono JIT Code) UnityEngine.DebugLogHandler:Internal_Log (UnityEngine.LogType,UnityEngine.LogOption,string,UnityEngine.Object)
0x0000026a8bf07aab (Mono JIT Code) UnityEngine.DebugLogHandler:LogFormat (UnityEngine.LogType,UnityEngine.Object,string,object[])
0x0000026a8bf07830 (Mono JIT Code) UnityEngine.Logger:Log (UnityEngine.LogType,object)
0x0000026a8bf074ea (Mono JIT Code) UnityEngine.Debug:LogWarning (object)
0x0000026a8a6c796b (Mono JIT Code) UnityEditor.Build.Profile.BuildProfileContext:OnEnable ()
0x0000026a8a88ff18 (Mono JIT Code) (wrapper runtime-invoke) object:runtime_invoke_void__this__ (object,intptr,intptr,intptr)
0x00007ffe22f068de (mono-2.0-bdwgc) mono_jit_runtime_invoke (at C:/build/output/Unity-Technologies/mono/mono/mini/mini-runtime.c:3445)
0x00007ffe22e48404 (mono-2.0-bdwgc) do_runtime_invoke (at C:/build/output/Unity-Technologies/mono/mono/metadata/object.c:3068)
0x00007ffe22e484f0 (mono-2.0-bdwgc) mono_runtime_invoke (at C:/build/output/Unity-Technologies/mono/mono/metadata/object.c:3115)
0x00007ffe1694e224 (Unity) scripting_method_invoke
0x00007ffe16925fa3 (Unity) ScriptingInvocation::Invoke
0x00007ffe1692608e (Unity) ScriptingInvocation::InvokeChecked
0x00007ffe169d03d6 (Unity) SerializableManagedRef::CallMethod
0x00007ffe16910414 (Unity) MonoBehaviour::AwakeFromLoad
0x00007ffe1691b741 (Unity) ResetAndApplyDefaultReferencesOnNewMonoBehaviour
0x00007ffe16924451 (Unity) Scripting::CreateScriptableObjectWithType
0x00007ffe15acec6d (Unity) ScriptableObject_CUSTOM_CreateScriptableObjectInstanceFromType
0x0000026a8a6c6c4d (Mono JIT Code) (wrapper managed-to-native) UnityEngine.ScriptableObject:CreateScriptableObjectInstanceFromType_Injected (System.Type,bool)
0x0000026a8a6c6a2b (Mono JIT Code) UnityEngine.ScriptableObject:CreateScriptableObjectInstanceFromType (System.Type,bool)
0x0000026a8a6c69d3 (Mono JIT Code) UnityEngine.ScriptableObject:CreateInstance (System.Type)
0x0000026a8a6c6953 (Mono JIT Code) UnityEngine.ScriptableObject:CreateInstance<T_REF> ()
0x0000026a8a6c637b (Mono JIT Code) UnityEditor.Build.Profile.BuildProfileContext:CreateOrLoad ()
0x0000026a8a6c61d3 (Mono JIT Code) UnityEditor.Build.Profile.BuildProfileContext:get_instance ()
0x0000026a8a6c59db (Mono JIT Code) UnityEditor.Build.Profile.BuildProfileContext:GetActiveOrClassicBuildProfile (UnityEditor.BuildTarget,UnityEditor.StandaloneBuildSubtarget,string)
0x0000026a8a6c5e16 (Mono JIT Code) (wrapper runtime-invoke) <Module>:runtime_invoke_object_int_int_object (object,intptr,intptr,intptr)
0x00007ffe22f068de (mono-2.0-bdwgc) mono_jit_runtime_invoke (at C:/build/output/Unity-Technologies/mono/mono/mini/mini-runtime.c:3445)
0x00007ffe22e48404 (mono-2.0-bdwgc) do_runtime_invoke (at C:/build/output/Unity-Technologies/mono/mono/metadata/object.c:3068)
0x00007ffe22e484f0 (mono-2.0-bdwgc) mono_runtime_invoke (at C:/build/output/Unity-Technologies/mono/mono/metadata/object.c:3115)
0x00007ffe1694e224 (Unity) scripting_method_invoke
0x00007ffe16925fa3 (Unity) ScriptingInvocation::Invoke
0x00007ffe169211de (Unity) ScriptingInvocation::Invoke<ScriptingObjectPtr>
0x00007ffe16a7e5a7 (Unity) Scripting::UnityEditor::Build::Profile::BuildProfileContextProxy::GetActiveOrClassicBuildProfile
0x00007ffe1757a6c0 (Unity) EditorUserBuildSettings::GetSelectedAndroidBuildTextureSubtarget
0x00007ffe17574638 (Unity) EditorUserBuildSettings::GetActiveSubTargetFor
0x00007ffe1780fa4c (Unity) GetPlaybackEngineVariationManagedDirectory
0x00007ffe1781193a (Unity) GetUnityEngineDllForBuildTarget
0x00007ffe17b4887d (Unity) GetUnityAssemblies
0x00007ffe17b52cc8 (Unity) GetUnityAssembliesManaged
0x00007ffe17b53456 (Unity) InitializeManagedCompilationPipeline
0x00007ffe17b560fb (Unity) ReinitializeUserTargetAssemblies
0x00007ffe17f85675 (Unity) UpdateScriptCompilationPipelineCaches
0x00007ffe17e9c124 (Unity) AssetImportWorkerClient::RegisterTransientArtifacts
0x00007ffe17e9c3aa (Unity) AssetImportWorkerClient::ReloadScriptingDomain
0x00007ffe17e77047 (Unity) <lambda_f96845ab1106210ce31769f863340c0d>::operator()
0x00007ffe17f59ade (Unity) asio::detail::completion_handler<core::mutable_function<void __cdecl(void)>,asio::io_context::basic_executor_type<std::allocator<void>,0> >::do_complete
0x00007ffe17f4736a (Unity) asio::detail::win_iocp_io_context::do_one
0x00007ffe17f4869e (Unity) asio::detail::win_iocp_io_context::run
0x00007ffe17f580fc (Unity) IOService::Run
0x00007ffe17ea0426 (Unity) RunAssetImportWorkerClientV2
0x00007ffe17ea04eb (Unity) RunAssetImporterV2
0x00007ffe176aa148 (Unity) Application::InitializeProject
0x00007ffe17cb1875 (Unity) UnityMain
0x00007ff61fde2fba (Unity) __scrt_common_main_seh
0x00007ffe7d95259d (KERNEL32) BaseThreadInitThunk
0x00007ffe7ecaaf38 (ntdll) RtlUserThreadStart

Failed to load shared profile from Library/BuildProfiles/SharedProfile.asset.
0x00007ffe16a29efd (Unity) StackWalker::ShowCallstack
0x00007ffe16a39eb9 (Unity) PlatformStacktrace::GetStacktrace
0x00007ffe17ca727e (Unity) Stacktrace::GetStacktrace
0x00007ffe1824f92f (Unity) DebugStringToFile
0x00007ffe15b79085 (Unity) DebugLogHandler_CUSTOM_Internal_Log
0x0000026a8bf07fad (Mono JIT Code) (wrapper managed-to-native) UnityEngine.DebugLogHandler:Internal_Log_Injected (UnityEngine.LogType,UnityEngine.LogOption,UnityEngine.Bindings.ManagedSpanWrapper&,intptr)
0x0000026a8bf07e73 (Mono JIT Code) UnityEngine.DebugLogHandler:Internal_Log (UnityEngine.LogType,UnityEngine.LogOption,string,UnityEngine.Object)
0x0000026a8bf07aab (Mono JIT Code) UnityEngine.DebugLogHandler:LogFormat (UnityEngine.LogType,UnityEngine.Object,string,object[])
0x0000026a8bf07830 (Mono JIT Code) UnityEngine.Logger:Log (UnityEngine.LogType,object)
0x0000026a8bf074ea (Mono JIT Code) UnityEngine.Debug:LogWarning (object)
0x0000026a8a6c7bb3 (Mono JIT Code) UnityEditor.Build.Profile.BuildProfileContext:OnEnable ()
0x0000026a8a88ff18 (Mono JIT Code) (wrapper runtime-invoke) object:runtime_invoke_void__this__ (object,intptr,intptr,intptr)
0x00007ffe22f068de (mono-2.0-bdwgc) mono_jit_runtime_invoke (at C:/build/output/Unity-Technologies/mono/mono/mini/mini-runtime.c:3445)
0x00007ffe22e48404 (mono-2.0-bdwgc) do_runtime_invoke (at C:/build/output/Unity-Technologies/mono/mono/metadata/object.c:3068)
0x00007ffe22e484f0 (mono-2.0-bdwgc) mono_runtime_invoke (at C:/build/output/Unity-Technologies/mono/mono/metadata/object.c:3115)
0x00007ffe1694e224 (Unity) scripting_method_invoke
0x00007ffe16925fa3 (Unity) ScriptingInvocation::Invoke
0x00007ffe1692608e (Unity) ScriptingInvocation::InvokeChecked
0x00007ffe169d03d6 (Unity) SerializableManagedRef::CallMethod
0x00007ffe16910414 (Unity) MonoBehaviour::AwakeFromLoad
0x00007ffe1691b741 (Unity) ResetAndApplyDefaultReferencesOnNewMonoBehaviour
0x00007ffe16924451 (Unity) Scripting::CreateScriptableObjectWithType
0x00007ffe15acec6d (Unity) ScriptableObject_CUSTOM_CreateScriptableObjectInstanceFromType
0x0000026a8a6c6c4d (Mono JIT Code) (wrapper managed-to-native) UnityEngine.ScriptableObject:CreateScriptableObjectInstanceFromType_Injected (System.Type,bool)
0x0000026a8a6c6a2b (Mono JIT Code) UnityEngine.ScriptableObject:CreateScriptableObjectInstanceFromType (System.Type,bool)
0x0000026a8a6c69d3 (Mono JIT Code) UnityEngine.ScriptableObject:CreateInstance (System.Type)
0x0000026a8a6c6953 (Mono JIT Code) UnityEngine.ScriptableObject:CreateInstance<T_REF> ()
0x0000026a8a6c637b (Mono JIT Code) UnityEditor.Build.Profile.BuildProfileContext:CreateOrLoad ()
0x0000026a8a6c61d3 (Mono JIT Code) UnityEditor.Build.Profile.BuildProfileContext:get_instance ()
0x0000026a8a6c59db (Mono JIT Code) UnityEditor.Build.Profile.BuildProfileContext:GetActiveOrClassicBuildProfile (UnityEditor.BuildTarget,UnityEditor.StandaloneBuildSubtarget,string)
0x0000026a8a6c5e16 (Mono JIT Code) (wrapper runtime-invoke) <Module>:runtime_invoke_object_int_int_object (object,intptr,intptr,intptr)
0x00007ffe22f068de (mono-2.0-bdwgc) mono_jit_runtime_invoke (at C:/build/output/Unity-Technologies/mono/mono/mini/mini-runtime.c:3445)
0x00007ffe22e48404 (mono-2.0-bdwgc) do_runtime_invoke (at C:/build/output/Unity-Technologies/mono/mono/metadata/object.c:3068)
0x00007ffe22e484f0 (mono-2.0-bdwgc) mono_runtime_invoke (at C:/build/output/Unity-Technologies/mono/mono/metadata/object.c:3115)
0x00007ffe1694e224 (Unity) scripting_method_invoke
0x00007ffe16925fa3 (Unity) ScriptingInvocation::Invoke
0x00007ffe169211de (Unity) ScriptingInvocation::Invoke<ScriptingObjectPtr>
0x00007ffe16a7e5a7 (Unity) Scripting::UnityEditor::Build::Profile::BuildProfileContextProxy::GetActiveOrClassicBuildProfile
0x00007ffe1757a6c0 (Unity) EditorUserBuildSettings::GetSelectedAndroidBuildTextureSubtarget
0x00007ffe17574638 (Unity) EditorUserBuildSettings::GetActiveSubTargetFor
0x00007ffe1780fa4c (Unity) GetPlaybackEngineVariationManagedDirectory
0x00007ffe1781193a (Unity) GetUnityEngineDllForBuildTarget
0x00007ffe17b4887d (Unity) GetUnityAssemblies
0x00007ffe17b52cc8 (Unity) GetUnityAssembliesManaged
0x00007ffe17b53456 (Unity) InitializeManagedCompilationPipeline
0x00007ffe17b560fb (Unity) ReinitializeUserTargetAssemblies
0x00007ffe17f85675 (Unity) UpdateScriptCompilationPipelineCaches
0x00007ffe17e9c124 (Unity) AssetImportWorkerClient::RegisterTransientArtifacts
0x00007ffe17e9c3aa (Unity) AssetImportWorkerClient::ReloadScriptingDomain
0x00007ffe17e77047 (Unity) <lambda_f96845ab1106210ce31769f863340c0d>::operator()
0x00007ffe17f59ade (Unity) asio::detail::completion_handler<core::mutable_function<void __cdecl(void)>,asio::io_context::basic_executor_type<std::allocator<void>,0> >::do_complete
0x00007ffe17f4736a (Unity) asio::detail::win_iocp_io_context::do_one
0x00007ffe17f4869e (Unity) asio::detail::win_iocp_io_context::run
0x00007ffe17f580fc (Unity) IOService::Run
0x00007ffe17ea0426 (Unity) RunAssetImportWorkerClientV2
0x00007ffe17ea04eb (Unity) RunAssetImporterV2
0x00007ffe176aa148 (Unity) Application::InitializeProject
0x00007ffe17cb1875 (Unity) UnityMain
0x00007ff61fde2fba (Unity) __scrt_common_main_seh
0x00007ffe7d95259d (KERNEL32) BaseThreadInitThunk
0x00007ffe7ecaaf38 (ntdll) RtlUserThreadStart

Refreshing native plugins compatible for Editor in 9.75 ms, found 7 plugins.
BuildProfileContext singleton already exists.
0x00007ffe16a29efd (Unity) StackWalker::ShowCallstack
0x00007ffe16a39eb9 (Unity) PlatformStacktrace::GetStacktrace
0x00007ffe17ca727e (Unity) Stacktrace::GetStacktrace
0x00007ffe1824f92f (Unity) DebugStringToFile
0x00007ffe15b79085 (Unity) DebugLogHandler_CUSTOM_Internal_Log
0x0000026a8bf07fad (Mono JIT Code) (wrapper managed-to-native) UnityEngine.DebugLogHandler:Internal_Log_Injected (UnityEngine.LogType,UnityEngine.LogOption,UnityEngine.Bindings.ManagedSpanWrapper&,intptr)
0x0000026a8bf07e73 (Mono JIT Code) UnityEngine.DebugLogHandler:Internal_Log (UnityEngine.LogType,UnityEngine.LogOption,string,UnityEngine.Object)
0x0000026a8bf07aab (Mono JIT Code) UnityEngine.DebugLogHandler:LogFormat (UnityEngine.LogType,UnityEngine.Object,string,object[])
0x0000026a8bf07830 (Mono JIT Code) UnityEngine.Logger:Log (UnityEngine.LogType,object)
0x0000026a9d3ab2c5 (Mono JIT Code) UnityEngine.Debug:LogError (object)
0x0000026a8a6c6e4b (Mono JIT Code) UnityEditor.Build.Profile.BuildProfileContext:.ctor ()
0x0000026a8a88ff18 (Mono JIT Code) (wrapper runtime-invoke) object:runtime_invoke_void__this__ (object,intptr,intptr,intptr)
0x00007ffe22f068de (mono-2.0-bdwgc) mono_jit_runtime_invoke (at C:/build/output/Unity-Technologies/mono/mono/mini/mini-runtime.c:3445)
0x00007ffe22e48404 (mono-2.0-bdwgc) do_runtime_invoke (at C:/build/output/Unity-Technologies/mono/mono/metadata/object.c:3068)
0x00007ffe22e484f0 (mono-2.0-bdwgc) mono_runtime_invoke (at C:/build/output/Unity-Technologies/mono/mono/metadata/object.c:3115)
0x00007ffe168f0595 (Unity) mono_runtime_object_init_exception
0x00007ffe1694ff60 (Unity) scripting_unity_engine_object_new_and_invoke_default_constructor
0x00007ffe169d1ecd (Unity) SerializableManagedRef::RebuildMonoInstance
0x00007ffe168f2114 (Unity) SerializableManagedRefTransfer::RestoreBackup<SerializableManagedRefBackupGenerator>
0x00007ffe169d25dc (Unity) SerializableManagedRefsUtilities::RestoreBackups
0x00007ffe16913fd4 (Unity) MonoManager::FinalizeReload
0x00007ffe17e4c9f5 (Unity) ScriptingInitializer::FinalizeReload
0x00007ffe17e9c3af (Unity) AssetImportWorkerClient::ReloadScriptingDomain
0x00007ffe17e77047 (Unity) <lambda_f96845ab1106210ce31769f863340c0d>::operator()
0x00007ffe17f59ade (Unity) asio::detail::completion_handler<core::mutable_function<void __cdecl(void)>,asio::io_context::basic_executor_type<std::allocator<void>,0> >::do_complete
0x00007ffe17f4736a (Unity) asio::detail::win_iocp_io_context::do_one
0x00007ffe17f4869e (Unity) asio::detail::win_iocp_io_context::run
0x00007ffe17f580fc (Unity) IOService::Run
0x00007ffe17ea0426 (Unity) RunAssetImportWorkerClientV2
0x00007ffe17ea04eb (Unity) RunAssetImporterV2
0x00007ffe176aa148 (Unity) Application::InitializeProject
0x00007ffe17cb1875 (Unity) UnityMain
0x00007ff61fde2fba (Unity) __scrt_common_main_seh
0x00007ffe7d95259d (KERNEL32) BaseThreadInitThunk
0x00007ffe7ecaaf38 (ntdll) RtlUserThreadStart

Native extension for iOS target not found
Native extension for Android target not found
Native extension for UWP target not found
Native extension for WindowsStandalone target not found
Refreshing native plugins compatible for Editor in 6.12 ms, found 7 plugins.
Mono: successfully reloaded assembly
Package Manager log level set to [2]
[Package Manager] Failed to launch server process. Reason: Unity was launched with the -noUpm command-line argument
[Package Manager] Unable to send message (not connected to server process).
[Package Manager] Cannot connect to Unity Package Manager local server
[Package Manager] Failed to launch server process. Reason: Unity was launched with the -noUpm command-line argument
[Package Manager] Unable to send message (not connected to server process).
[Package Manager] Cannot connect to Unity Package Manager local server
- Finished resetting the current domain, in  1.398 seconds
Domain Reload Profiling: 3302ms
	BeginReloadAssembly (620ms)
		ExecutionOrderSort (0ms)
		DisableScriptedObjects (365ms)
		BackupInstance (0ms)
		ReleaseScriptingObjects (0ms)
		CreateAndSetChildDomain (47ms)
	RebuildCommonClasses (54ms)
	RebuildNativeTypeToScriptingClass (15ms)
	initialDomainReloadingComplete (57ms)
	LoadAllAssembliesAndSetupDomain (1157ms)
		LoadAssemblies (676ms)
		RebuildTransferFunctionScriptingTraits (0ms)
		AnalyzeDomain (623ms)
			TypeCache.Refresh (500ms)
				TypeCache.ScanAssembly (464ms)
			BuildScriptInfoCaches (104ms)
			ResolveRequiredComponents (16ms)
	FinalizeReload (1399ms)
		ReleaseScriptCaches (0ms)
		RebuildScriptCaches (0ms)
		SetupLoadedEditorAssemblies (1129ms)
			LogAssemblyErrors (0ms)
			InitializePlatformSupportModulesInManaged (25ms)
			SetLoadedEditorAssemblies (5ms)
			BeforeProcessingInitializeOnLoad (177ms)
			ProcessInitializeOnLoadAttributes (813ms)
			ProcessInitializeOnLoadMethodAttributes (106ms)
			AfterProcessingInitializeOnLoad (2ms)
			EditorAssembliesLoaded (0ms)
		ExecutionOrderSort2 (0ms)
		AwakeInstancesAfterBackupRestoration (12ms)
Refreshing native plugins compatible for Editor in 9.90 ms, found 7 plugins.
Preloading 0 native plugins for Editor in 0.00 ms.
Unloading 194 Unused Serialized files (Serialized files now loaded: 0)
Unloading 7038 unused Assets / (7.9 MB). Loaded Objects now: 7573.
Memory consumption went from 172.0 MB to 164.1 MB.
Total: 20.525100 ms (FindLiveObjects: 1.522500 ms CreateObjectMapping: 1.894100 ms MarkObjects: 9.918900 ms  DeleteObjects: 7.186400 ms)

========================================================================
Received Import Request.
  Time since last request: 183746.651916 seconds.
  path: Assets/script/GameEnglish/PauseManager.cs
  artifactKey: Guid(edf2e8d2f35f3194399fdebb967e46ab) Importer(815301076,1909f56bfc062723c751e8b465ee728b)
Start importing Assets/script/GameEnglish/PauseManager.cs using Guid(edf2e8d2f35f3194399fdebb967e46ab) Importer(815301076,1909f56bfc062723c751e8b465ee728b) (PreviewImporter) -> (artifact id: '9f971fbc0d58f96befb6e90e7b514eef') in 0.0082915 seconds
Number of updated asset objects reloaded before import = 0Number of asset objects unloaded after import = 0

========================================================================
Received Prepare
Refreshing native plugins compatible for Editor in 6.37 ms, found 7 plugins.
Preloading 0 native plugins for Editor in 0.00 ms.
Unloading 32 Unused Serialized files (Serialized files now loaded: 0)
Unloading 6936 unused Assets / (9.1 MB). Loaded Objects now: 7575.
Memory consumption went from 139.7 MB to 130.6 MB.
Total: 23.789600 ms (FindLiveObjects: 1.321400 ms CreateObjectMapping: 1.639100 ms MarkObjects: 11.392400 ms  DeleteObjects: 9.433700 ms)

Prepare: number of updated asset objects reloaded= 0
========================================================================
Received Import Request.
  Time since last request: 184.612842 seconds.
  path: Assets/script/GameEnglish/PauseManager.cs
  artifactKey: Guid(edf2e8d2f35f3194399fdebb967e46ab) Importer(815301076,1909f56bfc062723c751e8b465ee728b)
Start importing Assets/script/GameEnglish/PauseManager.cs using Guid(edf2e8d2f35f3194399fdebb967e46ab) Importer(815301076,1909f56bfc062723c751e8b465ee728b) (PreviewImporter) -> (artifact id: 'd79ff47c936eba592eb0efc67bc7041f') in 0.0009552 seconds
Number of updated asset objects reloaded before import = 0Number of asset objects unloaded after import = 0

========================================================================
Received Prepare
Begin MonoManager ReloadAssembly
- Loaded All Assemblies, in  1.131 seconds
Refreshing native plugins compatible for Editor in 6.14 ms, found 7 plugins.
BuildProfileContext singleton already exists.
0x00007ffe16a29efd (Unity) StackWalker::ShowCallstack
0x00007ffe16a39eb9 (Unity) PlatformStacktrace::GetStacktrace
0x00007ffe17ca727e (Unity) Stacktrace::GetStacktrace
0x00007ffe1824f92f (Unity) DebugStringToFile
0x00007ffe15b79085 (Unity) DebugLogHandler_CUSTOM_Internal_Log
0x0000026a893145fd (Mono JIT Code) (wrapper managed-to-native) UnityEngine.DebugLogHandler:Internal_Log_Injected (UnityEngine.LogType,UnityEngine.LogOption,UnityEngine.Bindings.ManagedSpanWrapper&,intptr)
0x0000026a893144c3 (Mono JIT Code) UnityEngine.DebugLogHandler:Internal_Log (UnityEngine.LogType,UnityEngine.LogOption,string,UnityEngine.Object)
0x0000026a89313e2b (Mono JIT Code) UnityEngine.DebugLogHandler:LogFormat (UnityEngine.LogType,UnityEngine.Object,string,object[])
0x0000026a89313bb0 (Mono JIT Code) UnityEngine.Logger:Log (UnityEngine.LogType,object)
0x0000026a89313867 (Mono JIT Code) UnityEngine.Debug:LogError (object)
0x0000026a8923dfeb (Mono JIT Code) UnityEditor.Build.Profile.BuildProfileContext:.ctor ()
0x0000026ac43bb4c8 (Mono JIT Code) (wrapper runtime-invoke) object:runtime_invoke_void__this__ (object,intptr,intptr,intptr)
0x00007ffe22f068de (mono-2.0-bdwgc) mono_jit_runtime_invoke (at C:/build/output/Unity-Technologies/mono/mono/mini/mini-runtime.c:3445)
0x00007ffe22e48404 (mono-2.0-bdwgc) do_runtime_invoke (at C:/build/output/Unity-Technologies/mono/mono/metadata/object.c:3068)
0x00007ffe22e484f0 (mono-2.0-bdwgc) mono_runtime_invoke (at C:/build/output/Unity-Technologies/mono/mono/metadata/object.c:3115)
0x00007ffe168f0595 (Unity) mono_runtime_object_init_exception
0x00007ffe1694ff60 (Unity) scripting_unity_engine_object_new_and_invoke_default_constructor
0x00007ffe169d1ecd (Unity) SerializableManagedRef::RebuildMonoInstance
0x00007ffe168f2114 (Unity) SerializableManagedRefTransfer::RestoreBackup<SerializableManagedRefBackupGenerator>
0x00007ffe169d25dc (Unity) SerializableManagedRefsUtilities::RestoreBackups
0x00007ffe16913fd4 (Unity) MonoManager::FinalizeReload
0x00007ffe17e4c9f5 (Unity) ScriptingInitializer::FinalizeReload
0x00007ffe17e9c3af (Unity) AssetImportWorkerClient::ReloadScriptingDomain
0x00007ffe17e75dac (Unity) <lambda_94302c41bc55323db1fed16712a08587>::operator()
0x00007ffe17f59ade (Unity) asio::detail::completion_handler<core::mutable_function<void __cdecl(void)>,asio::io_context::basic_executor_type<std::allocator<void>,0> >::do_complete
0x00007ffe17f4736a (Unity) asio::detail::win_iocp_io_context::do_one
0x00007ffe17f486d4 (Unity) asio::detail::win_iocp_io_context::run
0x00007ffe17f580fc (Unity) IOService::Run
0x00007ffe17ea0426 (Unity) RunAssetImportWorkerClientV2
0x00007ffe17ea04eb (Unity) RunAssetImporterV2
0x00007ffe176aa148 (Unity) Application::InitializeProject
0x00007ffe17cb1875 (Unity) UnityMain
0x00007ff61fde2fba (Unity) __scrt_common_main_seh
0x00007ffe7d95259d (KERNEL32) BaseThreadInitThunk
0x00007ffe7ecaaf38 (ntdll) RtlUserThreadStart

BuildProfileContext singleton already exists.
0x00007ffe16a29efd (Unity) StackWalker::ShowCallstack
0x00007ffe16a39eb9 (Unity) PlatformStacktrace::GetStacktrace
0x00007ffe17ca727e (Unity) Stacktrace::GetStacktrace
0x00007ffe1824f92f (Unity) DebugStringToFile
0x00007ffe15b79085 (Unity) DebugLogHandler_CUSTOM_Internal_Log
0x0000026a893145fd (Mono JIT Code) (wrapper managed-to-native) UnityEngine.DebugLogHandler:Internal_Log_Injected (UnityEngine.LogType,UnityEngine.LogOption,UnityEngine.Bindings.ManagedSpanWrapper&,intptr)
0x0000026a893144c3 (Mono JIT Code) UnityEngine.DebugLogHandler:Internal_Log (UnityEngine.LogType,UnityEngine.LogOption,string,UnityEngine.Object)
0x0000026a89313e2b (Mono JIT Code) UnityEngine.DebugLogHandler:LogFormat (UnityEngine.LogType,UnityEngine.Object,string,object[])
0x0000026a89313bb0 (Mono JIT Code) UnityEngine.Logger:Log (UnityEngine.LogType,object)
0x0000026a89313867 (Mono JIT Code) UnityEngine.Debug:LogError (object)
0x0000026a8923dfeb (Mono JIT Code) UnityEditor.Build.Profile.BuildProfileContext:.ctor ()
0x0000026ac43bb4c8 (Mono JIT Code) (wrapper runtime-invoke) object:runtime_invoke_void__this__ (object,intptr,intptr,intptr)
0x00007ffe22f068de (mono-2.0-bdwgc) mono_jit_runtime_invoke (at C:/build/output/Unity-Technologies/mono/mono/mini/mini-runtime.c:3445)
0x00007ffe22e48404 (mono-2.0-bdwgc) do_runtime_invoke (at C:/build/output/Unity-Technologies/mono/mono/metadata/object.c:3068)
0x00007ffe22e484f0 (mono-2.0-bdwgc) mono_runtime_invoke (at C:/build/output/Unity-Technologies/mono/mono/metadata/object.c:3115)
0x00007ffe168f0595 (Unity) mono_runtime_object_init_exception
0x00007ffe1694ff60 (Unity) scripting_unity_engine_object_new_and_invoke_default_constructor
0x00007ffe169d1ecd (Unity) SerializableManagedRef::RebuildMonoInstance
0x00007ffe168f2114 (Unity) SerializableManagedRefTransfer::RestoreBackup<SerializableManagedRefBackupGenerator>
0x00007ffe169d25dc (Unity) SerializableManagedRefsUtilities::RestoreBackups
0x00007ffe16913fd4 (Unity) MonoManager::FinalizeReload
0x00007ffe17e4c9f5 (Unity) ScriptingInitializer::FinalizeReload
0x00007ffe17e9c3af (Unity) AssetImportWorkerClient::ReloadScriptingDomain
0x00007ffe17e75dac (Unity) <lambda_94302c41bc55323db1fed16712a08587>::operator()
0x00007ffe17f59ade (Unity) asio::detail::completion_handler<core::mutable_function<void __cdecl(void)>,asio::io_context::basic_executor_type<std::allocator<void>,0> >::do_complete
0x00007ffe17f4736a (Unity) asio::detail::win_iocp_io_context::do_one
0x00007ffe17f486d4 (Unity) asio::detail::win_iocp_io_context::run
0x00007ffe17f580fc (Unity) IOService::Run
0x00007ffe17ea0426 (Unity) RunAssetImportWorkerClientV2
0x00007ffe17ea04eb (Unity) RunAssetImporterV2
0x00007ffe176aa148 (Unity) Application::InitializeProject
0x00007ffe17cb1875 (Unity) UnityMain
0x00007ff61fde2fba (Unity) __scrt_common_main_seh
0x00007ffe7d95259d (KERNEL32) BaseThreadInitThunk
0x00007ffe7ecaaf38 (ntdll) RtlUserThreadStart

Native extension for iOS target not found
Native extension for Android target not found
Native extension for UWP target not found
Native extension for WindowsStandalone target not found
ArgumentException: An item with the same key has already been added. Key: 4e3c793746204150860bf175a9a41a05
  at System.Collections.Generic.Dictionary`2[TKey,TValue].TryInsert (TKey key, TValue value, System.Collections.Generic.InsertionBehavior behavior) [0x0015a] in <eb0ef51e5908461ca908fdf6b2dbd966>:0 
  at System.Collections.Generic.Dictionary`2[TKey,TValue].Add (TKey key, TValue value) [0x00000] in <eb0ef51e5908461ca908fdf6b2dbd966>:0 
  at UnityEditor.Build.Profile.BuildProfileContext.OnEnable () [0x00070] in <c80d599bb30f4b0bbd7509f2fe905e9b>:0 

Mono: successfully reloaded assembly
[Package Manager] Failed to launch server process. Reason: Unity was launched with the -noUpm command-line argument
[Package Manager] Unable to send message (not connected to server process).
[Package Manager] Cannot connect to Unity Package Manager local server
- Finished resetting the current domain, in  1.246 seconds
Domain Reload Profiling: 2382ms
	BeginReloadAssembly (326ms)
		ExecutionOrderSort (0ms)
		DisableScriptedObjects (75ms)
		BackupInstance (0ms)
		ReleaseScriptingObjects (0ms)
		CreateAndSetChildDomain (78ms)
	RebuildCommonClasses (50ms)
	RebuildNativeTypeToScriptingClass (16ms)
	initialDomainReloadingComplete (32ms)
	LoadAllAssembliesAndSetupDomain (710ms)
		LoadAssemblies (543ms)
		RebuildTransferFunctionScriptingTraits (0ms)
		AnalyzeDomain (292ms)
			TypeCache.Refresh (20ms)
				TypeCache.ScanAssembly (4ms)
			BuildScriptInfoCaches (252ms)
			ResolveRequiredComponents (16ms)
	FinalizeReload (1248ms)
		ReleaseScriptCaches (0ms)
		RebuildScriptCaches (0ms)
		SetupLoadedEditorAssemblies (973ms)
			LogAssemblyErrors (0ms)
			InitializePlatformSupportModulesInManaged (27ms)
			SetLoadedEditorAssemblies (4ms)
			BeforeProcessingInitializeOnLoad (162ms)
			ProcessInitializeOnLoadAttributes (686ms)
			ProcessInitializeOnLoadMethodAttributes (92ms)
			AfterProcessingInitializeOnLoad (2ms)
			EditorAssembliesLoaded (0ms)
		ExecutionOrderSort2 (0ms)
		AwakeInstancesAfterBackupRestoration (32ms)
Refreshing native plugins compatible for Editor in 6.84 ms, found 7 plugins.
Preloading 0 native plugins for Editor in 0.00 ms.
Unloading 76 Unused Serialized files (Serialized files now loaded: 0)
Unloading 7035 unused Assets / (7.8 MB). Loaded Objects now: 7584.
Memory consumption went from 145.6 MB to 137.7 MB.
Total: 18.914900 ms (FindLiveObjects: 1.782400 ms CreateObjectMapping: 1.584800 ms MarkObjects: 7.958900 ms  DeleteObjects: 7.586300 ms)

Prepare: number of updated asset objects reloaded= 0
========================================================================
Received Prepare
Begin MonoManager ReloadAssembly
- Loaded All Assemblies, in  1.101 seconds
Refreshing native plugins compatible for Editor in 6.73 ms, found 7 plugins.
BuildProfileContext singleton already exists.
0x00007ffe16a29efd (Unity) StackWalker::ShowCallstack
0x00007ffe16a39eb9 (Unity) PlatformStacktrace::GetStacktrace
0x00007ffe17ca727e (Unity) Stacktrace::GetStacktrace
0x00007ffe1824f92f (Unity) DebugStringToFile
0x00007ffe15b79085 (Unity) DebugLogHandler_CUSTOM_Internal_Log
0x0000026a865d336d (Mono JIT Code) (wrapper managed-to-native) UnityEngine.DebugLogHandler:Internal_Log_Injected (UnityEngine.LogType,UnityEngine.LogOption,UnityEngine.Bindings.ManagedSpanWrapper&,intptr)
0x0000026a865d3233 (Mono JIT Code) UnityEngine.DebugLogHandler:Internal_Log (UnityEngine.LogType,UnityEngine.LogOption,string,UnityEngine.Object)
0x0000026a865d2b9b (Mono JIT Code) UnityEngine.DebugLogHandler:LogFormat (UnityEngine.LogType,UnityEngine.Object,string,object[])
0x0000026a865d2920 (Mono JIT Code) UnityEngine.Logger:Log (UnityEngine.LogType,object)
0x0000026a865d25d7 (Mono JIT Code) UnityEngine.Debug:LogError (object)
0x0000026a865ccdfb (Mono JIT Code) UnityEditor.Build.Profile.BuildProfileContext:.ctor ()
0x0000026a9759b4c8 (Mono JIT Code) (wrapper runtime-invoke) object:runtime_invoke_void__this__ (object,intptr,intptr,intptr)
0x00007ffe22f068de (mono-2.0-bdwgc) mono_jit_runtime_invoke (at C:/build/output/Unity-Technologies/mono/mono/mini/mini-runtime.c:3445)
0x00007ffe22e48404 (mono-2.0-bdwgc) do_runtime_invoke (at C:/build/output/Unity-Technologies/mono/mono/metadata/object.c:3068)
0x00007ffe22e484f0 (mono-2.0-bdwgc) mono_runtime_invoke (at C:/build/output/Unity-Technologies/mono/mono/metadata/object.c:3115)
0x00007ffe168f0595 (Unity) mono_runtime_object_init_exception
0x00007ffe1694ff60 (Unity) scripting_unity_engine_object_new_and_invoke_default_constructor
0x00007ffe169d1ecd (Unity) SerializableManagedRef::RebuildMonoInstance
0x00007ffe168f2114 (Unity) SerializableManagedRefTransfer::RestoreBackup<SerializableManagedRefBackupGenerator>
0x00007ffe169d25dc (Unity) SerializableManagedRefsUtilities::RestoreBackups
0x00007ffe16913fd4 (Unity) MonoManager::FinalizeReload
0x00007ffe17e4c9f5 (Unity) ScriptingInitializer::FinalizeReload
0x00007ffe17e9c3af (Unity) AssetImportWorkerClient::ReloadScriptingDomain
0x00007ffe17e75dac (Unity) <lambda_94302c41bc55323db1fed16712a08587>::operator()
0x00007ffe17f59ade (Unity) asio::detail::completion_handler<core::mutable_function<void __cdecl(void)>,asio::io_context::basic_executor_type<std::allocator<void>,0> >::do_complete
0x00007ffe17f4736a (Unity) asio::detail::win_iocp_io_context::do_one
0x00007ffe17f486d4 (Unity) asio::detail::win_iocp_io_context::run
0x00007ffe17f580fc (Unity) IOService::Run
0x00007ffe17ea0426 (Unity) RunAssetImportWorkerClientV2
0x00007ffe17ea04eb (Unity) RunAssetImporterV2
0x00007ffe176aa148 (Unity) Application::InitializeProject
0x00007ffe17cb1875 (Unity) UnityMain
0x00007ff61fde2fba (Unity) __scrt_common_main_seh
0x00007ffe7d95259d (KERNEL32) BaseThreadInitThunk
0x00007ffe7ecaaf38 (ntdll) RtlUserThreadStart

BuildProfileContext singleton already exists.
0x00007ffe16a29efd (Unity) StackWalker::ShowCallstack
0x00007ffe16a39eb9 (Unity) PlatformStacktrace::GetStacktrace
0x00007ffe17ca727e (Unity) Stacktrace::GetStacktrace
0x00007ffe1824f92f (Unity) DebugStringToFile
0x00007ffe15b79085 (Unity) DebugLogHandler_CUSTOM_Internal_Log
0x0000026a865d336d (Mono JIT Code) (wrapper managed-to-native) UnityEngine.DebugLogHandler:Internal_Log_Injected (UnityEngine.LogType,UnityEngine.LogOption,UnityEngine.Bindings.ManagedSpanWrapper&,intptr)
0x0000026a865d3233 (Mono JIT Code) UnityEngine.DebugLogHandler:Internal_Log (UnityEngine.LogType,UnityEngine.LogOption,string,UnityEngine.Object)
0x0000026a865d2b9b (Mono JIT Code) UnityEngine.DebugLogHandler:LogFormat (UnityEngine.LogType,UnityEngine.Object,string,object[])
0x0000026a865d2920 (Mono JIT Code) UnityEngine.Logger:Log (UnityEngine.LogType,object)
0x0000026a865d25d7 (Mono JIT Code) UnityEngine.Debug:LogError (object)
0x0000026a865ccdfb (Mono JIT Code) UnityEditor.Build.Profile.BuildProfileContext:.ctor ()
0x0000026a9759b4c8 (Mono JIT Code) (wrapper runtime-invoke) object:runtime_invoke_void__this__ (object,intptr,intptr,intptr)
0x00007ffe22f068de (mono-2.0-bdwgc) mono_jit_runtime_invoke (at C:/build/output/Unity-Technologies/mono/mono/mini/mini-runtime.c:3445)
0x00007ffe22e48404 (mono-2.0-bdwgc) do_runtime_invoke (at C:/build/output/Unity-Technologies/mono/mono/metadata/object.c:3068)
0x00007ffe22e484f0 (mono-2.0-bdwgc) mono_runtime_invoke (at C:/build/output/Unity-Technologies/mono/mono/metadata/object.c:3115)
0x00007ffe168f0595 (Unity) mono_runtime_object_init_exception
0x00007ffe1694ff60 (Unity) scripting_unity_engine_object_new_and_invoke_default_constructor
0x00007ffe169d1ecd (Unity) SerializableManagedRef::RebuildMonoInstance
0x00007ffe168f2114 (Unity) SerializableManagedRefTransfer::RestoreBackup<SerializableManagedRefBackupGenerator>
0x00007ffe169d25dc (Unity) SerializableManagedRefsUtilities::RestoreBackups
0x00007ffe16913fd4 (Unity) MonoManager::FinalizeReload
0x00007ffe17e4c9f5 (Unity) ScriptingInitializer::FinalizeReload
0x00007ffe17e9c3af (Unity) AssetImportWorkerClient::ReloadScriptingDomain
0x00007ffe17e75dac (Unity) <lambda_94302c41bc55323db1fed16712a08587>::operator()
0x00007ffe17f59ade (Unity) asio::detail::completion_handler<core::mutable_function<void __cdecl(void)>,asio::io_context::basic_executor_type<std::allocator<void>,0> >::do_complete
0x00007ffe17f4736a (Unity) asio::detail::win_iocp_io_context::do_one
0x00007ffe17f486d4 (Unity) asio::detail::win_iocp_io_context::run
0x00007ffe17f580fc (Unity) IOService::Run
0x00007ffe17ea0426 (Unity) RunAssetImportWorkerClientV2
0x00007ffe17ea04eb (Unity) RunAssetImporterV2
0x00007ffe176aa148 (Unity) Application::InitializeProject
0x00007ffe17cb1875 (Unity) UnityMain
0x00007ff61fde2fba (Unity) __scrt_common_main_seh
0x00007ffe7d95259d (KERNEL32) BaseThreadInitThunk
0x00007ffe7ecaaf38 (ntdll) RtlUserThreadStart

Native extension for iOS target not found
Native extension for Android target not found
Native extension for UWP target not found
Native extension for WindowsStandalone target not found
Mono: successfully reloaded assembly
[Package Manager] Failed to launch server process. Reason: Unity was launched with the -noUpm command-line argument
[Package Manager] Unable to send message (not connected to server process).
[Package Manager] Cannot connect to Unity Package Manager local server
- Finished resetting the current domain, in  1.363 seconds
Domain Reload Profiling: 2467ms
	BeginReloadAssembly (374ms)
		ExecutionOrderSort (0ms)
		DisableScriptedObjects (120ms)
		BackupInstance (0ms)
		ReleaseScriptingObjects (0ms)
		CreateAndSetChildDomain (82ms)
	RebuildCommonClasses (44ms)
	RebuildNativeTypeToScriptingClass (16ms)
	initialDomainReloadingComplete (39ms)
	LoadAllAssembliesAndSetupDomain (632ms)
		LoadAssemblies (488ms)
		RebuildTransferFunctionScriptingTraits (0ms)
		AnalyzeDomain (271ms)
			TypeCache.Refresh (9ms)
				TypeCache.ScanAssembly (0ms)
			BuildScriptInfoCaches (244ms)
			ResolveRequiredComponents (14ms)
	FinalizeReload (1363ms)
		ReleaseScriptCaches (0ms)
		RebuildScriptCaches (0ms)
		SetupLoadedEditorAssemblies (1113ms)
			LogAssemblyErrors (0ms)
			InitializePlatformSupportModulesInManaged (29ms)
			SetLoadedEditorAssemblies (4ms)
			BeforeProcessingInitializeOnLoad (170ms)
			ProcessInitializeOnLoadAttributes (819ms)
			ProcessInitializeOnLoadMethodAttributes (89ms)
			AfterProcessingInitializeOnLoad (2ms)
			EditorAssembliesLoaded (0ms)
		ExecutionOrderSort2 (0ms)
		AwakeInstancesAfterBackupRestoration (19ms)
Refreshing native plugins compatible for Editor in 6.22 ms, found 7 plugins.
Preloading 0 native plugins for Editor in 0.00 ms.
Unloading 76 Unused Serialized files (Serialized files now loaded: 0)
Unloading 7035 unused Assets / (7.2 MB). Loaded Objects now: 7586.
Memory consumption went from 145.6 MB to 138.4 MB.
Total: 14.382500 ms (FindLiveObjects: 1.038600 ms CreateObjectMapping: 1.312600 ms MarkObjects: 6.605600 ms  DeleteObjects: 5.423200 ms)

Prepare: number of updated asset objects reloaded= 0
========================================================================
Received Import Request.
  Time since last request: 129.239249 seconds.
  path: Assets/Prefabs/footer_menu_st.prefab
  artifactKey: Guid(6c64fa2c705c74c4a87d33b10cca8c8a) Importer(815301076,1909f56bfc062723c751e8b465ee728b)
Start importing Assets/Prefabs/footer_menu_st.prefab using Guid(6c64fa2c705c74c4a87d33b10cca8c8a) Importer(815301076,1909f56bfc062723c751e8b465ee728b) (PreviewImporter) -> (artifact id: '4729380ca4671dafca7e07c6aaf44648') in 0.0605523 seconds
Number of updated asset objects reloaded before import = 0Number of asset objects unloaded after import = 42

========================================================================
Received Import Request.
  Time since last request: 18.769601 seconds.
  path: Assets/Prefabs/footer_menu_st.prefab
  artifactKey: Guid(6c64fa2c705c74c4a87d33b10cca8c8a) Importer(815301076,1909f56bfc062723c751e8b465ee728b)
Start importing Assets/Prefabs/footer_menu_st.prefab using Guid(6c64fa2c705c74c4a87d33b10cca8c8a) Importer(815301076,1909f56bfc062723c751e8b465ee728b) (PreviewImporter) -> (artifact id: 'f94efe633e34efeac2a0e687aebbcceb') in 0.0091557 seconds
Number of updated asset objects reloaded before import = 0Number of asset objects unloaded after import = 37

========================================================================
Received Import Request.
  Time since last request: 43.691198 seconds.
  path: Assets/Resources/maskot.PNG
  artifactKey: Guid(ad27b5fb339c54c408f07879b3474ce8) Importer(815301076,1909f56bfc062723c751e8b465ee728b)
Start importing Assets/Resources/maskot.PNG using Guid(ad27b5fb339c54c408f07879b3474ce8) Importer(815301076,1909f56bfc062723c751e8b465ee728b) (PreviewImporter) -> (artifact id: '65ac4727aa38031a17f45462918cf349') in 0.1027344 seconds
Number of updated asset objects reloaded before import = 0Number of asset objects unloaded after import = 3

========================================================================
Received Import Request.
  Time since last request: 7.829020 seconds.
  path: Assets/Resources/1.1 / / /1 .png
  artifactKey: Guid(d0d13952bee72944ba742194e8d056ae) Importer(815301076,1909f56bfc062723c751e8b465ee728b)
Start importing Assets/Resources/1.1 / / /1 .png using Guid(d0d13952bee72944ba742194e8d056ae) Importer(815301076,1909f56bfc062723c751e8b465ee728b) (PreviewImporter) -> (artifact id: 'af94e2faaf497791185d5abc05494851') in 0.0207834 seconds
Number of updated asset objects reloaded before import = 0Number of asset objects unloaded after import = 3

========================================================================
Received Import Request.
  Time since last request: 0.000032 seconds.
  path: Assets/Resources/1.1 / / / .png
  artifactKey: Guid(d742fb8b48d2bf74e86320f874a96cca) Importer(815301076,1909f56bfc062723c751e8b465ee728b)
Start importing Assets/Resources/1.1 / / / .png using Guid(d742fb8b48d2bf74e86320f874a96cca) Importer(815301076,1909f56bfc062723c751e8b465ee728b) (PreviewImporter) -> (artifact id: 'a08253c18af781dab713b48e06b16da1') in 0.0484565 seconds
Number of updated asset objects reloaded before import = 0Number of asset objects unloaded after import = 3

========================================================================
Received Import Request.
  Time since last request: 0.000037 seconds.
  path: Assets/Resources/1.1 / / / .png
  artifactKey: Guid(f3b53f1e1863bd345b82cf5b39572beb) Importer(815301076,1909f56bfc062723c751e8b465ee728b)
Start importing Assets/Resources/1.1 / / / .png using Guid(f3b53f1e1863bd345b82cf5b39572beb) Importer(815301076,1909f56bfc062723c751e8b465ee728b) (PreviewImporter) -> (artifact id: 'e0f3114e7d43502717182b2942651312') in 0.0269619 seconds
Number of updated asset objects reloaded before import = 0Number of asset objects unloaded after import = 3

========================================================================
Received Import Request.
  Time since last request: 0.000020 seconds.
  path: Assets/Resources/1.1 / / /.png
  artifactKey: Guid(a7f494dbe0c6f634aa806a4a494b48bb) Importer(815301076,1909f56bfc062723c751e8b465ee728b)
Start importing Assets/Resources/1.1 / / /.png using Guid(a7f494dbe0c6f634aa806a4a494b48bb) Importer(815301076,1909f56bfc062723c751e8b465ee728b) (PreviewImporter) -> (artifact id: '7070877c2c4378a6054944cd75c4820c') in 0.0219015 seconds
Number of updated asset objects reloaded before import = 0Number of asset objects unloaded after import = 3

========================================================================
Received Import Request.
  Time since last request: 1.198452 seconds.
  path: Assets/Resources/1.1 / / /
  artifactKey: Guid(ca3c2370185edd44181e53e72dec37bb) Importer(815301076,1909f56bfc062723c751e8b465ee728b)
Start importing Assets/Resources/1.1 / / / using Guid(ca3c2370185edd44181e53e72dec37bb) Importer(815301076,1909f56bfc062723c751e8b465ee728b) (PreviewImporter) -> (artifact id: 'f71d4986aa7e99bd4f7446b2dc1302b4') in 0.001415 seconds
Number of updated asset objects reloaded before import = 0Number of asset objects unloaded after import = 0

========================================================================
Received Import Request.
  Time since last request: 0.041652 seconds.
  path: Assets/Resources/1.1 / / // .png
  artifactKey: Guid(0f23976a512262745a536fa59b21f58a) Importer(815301076,1909f56bfc062723c751e8b465ee728b)
Start importing Assets/Resources/1.1 / / // .png using Guid(0f23976a512262745a536fa59b21f58a) Importer(815301076,1909f56bfc062723c751e8b465ee728b) (PreviewImporter) -> (artifact id: '9a8a8e03d5147f6513efc40c4827bc03') in 0.0237948 seconds
Number of updated asset objects reloaded before import = 0Number of asset objects unloaded after import = 3

========================================================================
Received Import Request.
  Time since last request: 0.000022 seconds.
  path: Assets/Resources/1.1 / / // .png
  artifactKey: Guid(b51176d96dae5c74bb3eeea2806fae40) Importer(815301076,1909f56bfc062723c751e8b465ee728b)
Start importing Assets/Resources/1.1 / / // .png using Guid(b51176d96dae5c74bb3eeea2806fae40) Importer(815301076,1909f56bfc062723c751e8b465ee728b) (PreviewImporter) -> (artifact id: '24b7cb059a462ae0e3ad5ecb0992fc44') in 0.0232122 seconds
Number of updated asset objects reloaded before import = 0Number of asset objects unloaded after import = 3

========================================================================
Received Import Request.
  Time since last request: 0.000026 seconds.
  path: Assets/Resources/1.1 / / // .png
  artifactKey: Guid(2ea56180d4ed7e14bb25b946fd714535) Importer(815301076,1909f56bfc062723c751e8b465ee728b)
Start importing Assets/Resources/1.1 / / // .png using Guid(2ea56180d4ed7e14bb25b946fd714535) Importer(815301076,1909f56bfc062723c751e8b465ee728b) (PreviewImporter) -> (artifact id: 'f93eaa0587a0ca0431c07510a87a0a53') in 0.022988 seconds
Number of updated asset objects reloaded before import = 0Number of asset objects unloaded after import = 3

Editor requested this worker to shutdown with reason: Scaling down because of idle timeout
AssetImportWorker is now disconnected from the server
Process exiting
Exiting without the bug reporter. Application will terminate with return code 0